2023-02-17 17:47:00 - Starting C:\Program Files\nodejs\node.exe  --harmony --max_old_space_size=4096 C:\Users\admingrabacion\Documents\api-02\node_modules\node-windows\lib\wrapper.js --file C:\Users\admingrabacion\Documents\api-02\index.js --scriptoptions= --log "APIPLC wrapper" --grow 0.25 --wait 1 --maxrestarts 3 --abortonerror n --stopparentfirst undefined
2023-02-17 17:47:00 - Started 19204
2023-02-21 16:46:33 - Stopping apiplc.exe
2023-02-21 16:46:33 - ProcessKill 19204
2023-02-21 16:46:49 - Shutdown exception
Message:Se está cerrando el sistema. (Excepción de HRESULT: 0x8007045B)
Stacktrace:   en System.Runtime.InteropServices.Marshal.ThrowExceptionForHRInternal(Int32 errorCode, IntPtr errorInfo)
   en System.Management.ManagementScope.InitializeGuts(Object o)
   en System.Management.ManagementScope.Initialize()
   en System.Management.ManagementObjectSearcher.Initialize()
   en System.Management.ManagementObjectSearcher.Get()
   en winsw.WrapperService.GetChildPids(Int32 pid)
   en winsw.WrapperService.StopProcessAndChildren(Int32 pid)
   en winsw.WrapperService.StopIt()
   en winsw.WrapperService.OnShutdown()
2023-02-22 12:52:54 - Starting C:\Program Files\nodejs\node.exe  --harmony --max_old_space_size=4096 C:\Users\admingrabacion\Documents\api-02\node_modules\node-windows\lib\wrapper.js --file C:\Users\admingrabacion\Documents\api-02\index.js --scriptoptions= --log "APIPLC wrapper" --grow 0.25 --wait 1 --maxrestarts 3 --abortonerror n --stopparentfirst undefined
2023-02-22 12:52:55 - Started 16220
2023-02-23 19:33:48 - Stopping apiplc.exe
2023-02-23 19:33:48 - ProcessKill 16220
2023-02-23 19:33:58 - Shutdown exception
Message:Se está cerrando el sistema. (Excepción de HRESULT: 0x8007045B)
Stacktrace:   en System.Runtime.InteropServices.Marshal.ThrowExceptionForHRInternal(Int32 errorCode, IntPtr errorInfo)
   en System.Management.ManagementScope.InitializeGuts(Object o)
   en System.Management.ManagementScope.Initialize()
   en System.Management.ManagementObjectSearcher.Initialize()
   en System.Management.ManagementObjectSearcher.Get()
   en winsw.WrapperService.GetChildPids(Int32 pid)
   en winsw.WrapperService.StopProcessAndChildren(Int32 pid)
   en winsw.WrapperService.StopIt()
   en winsw.WrapperService.OnShutdown()
2023-03-02 08:21:55 - Starting C:\Program Files\nodejs\node.exe  --harmony --max_old_space_size=4096 C:\Users\admingrabacion\Documents\api-02\node_modules\node-windows\lib\wrapper.js --file C:\Users\admingrabacion\Documents\api-02\index.js --scriptoptions= --log "APIPLC wrapper" --grow 0.25 --wait 1 --maxrestarts 3 --abortonerror n --stopparentfirst undefined
2023-03-02 08:21:55 - Started 4136
2023-03-06 10:12:50 - Stopping apiplc.exe
2023-03-06 10:12:50 - ProcessKill 4136
2023-03-06 10:12:51 - Found child process: 3708 Name: conhost.exe
2023-03-06 10:12:51 - Stopping process 3708
2023-03-06 10:12:51 - Send SIGINT 3708
2023-03-06 10:12:51 - SIGINT to 3708 failed - Killing as fallback
2023-03-06 10:12:51 - Stopping process 4136
2023-03-06 10:12:51 - Send SIGINT 4136
2023-03-06 10:12:51 - SIGINT to 4136 failed - Killing as fallback
2023-03-06 10:12:51 - Finished apiplc.exe
2023-03-06 10:12:53 - Starting C:\Program Files\nodejs\node.exe  --harmony --max_old_space_size=4096 C:\Users\admingrabacion\Documents\api-02\node_modules\node-windows\lib\wrapper.js --file C:\Users\admingrabacion\Documents\api-02\index.js --scriptoptions= --log "APIPLC wrapper" --grow 0.25 --wait 1 --maxrestarts 3 --abortonerror n --stopparentfirst undefined
2023-03-06 10:12:53 - Started 19272
2023-03-06 15:23:12 - Stopping apiplc.exe
2023-03-06 15:23:12 - ProcessKill 19272
2023-03-06 15:23:13 - Found child process: 1896 Name: conhost.exe
2023-03-06 15:23:13 - Found child process: 11448 Name: node.exe
2023-03-06 15:23:13 - Stopping process 1896
2023-03-06 15:23:13 - Send SIGINT 1896
2023-03-06 15:23:13 - SIGINT to 1896 failed - Killing as fallback
2023-03-06 15:23:13 - Stopping process 11448
2023-03-06 15:23:13 - Send SIGINT 11448
2023-03-06 15:23:13 - SIGINT to 11448 failed - Killing as fallback
2023-03-06 15:23:13 - Stopping process 19272
2023-03-06 15:23:13 - Send SIGINT 19272
2023-03-06 15:23:13 - SIGINT to 19272 failed - Killing as fallback
2023-03-06 15:23:13 - Finished apiplc.exe
2023-03-06 15:23:15 - Starting C:\Program Files\nodejs\node.exe  --harmony --max_old_space_size=4096 C:\Users\admingrabacion\Documents\api-02\node_modules\node-windows\lib\wrapper.js --file C:\Users\admingrabacion\Documents\api-02\index.js --scriptoptions= --log "APIPLC wrapper" --grow 0.25 --wait 1 --maxrestarts 3 --abortonerror n --stopparentfirst undefined
2023-03-06 15:23:15 - Started 15388
2023-03-07 11:55:20 - Starting C:\Program Files\nodejs\node.exe  --harmony --max_old_space_size=4096 C:\Users\admingrabacion\Documents\api-02\node_modules\node-windows\lib\wrapper.js --file C:\Users\admingrabacion\Documents\api-02\index.js --scriptoptions= --log "APIPLC wrapper" --grow 0.25 --wait 1 --maxrestarts 3 --abortonerror n --stopparentfirst undefined
2023-03-07 11:55:20 - Started 8796
2023-03-09 08:22:24 - Stopping apiplc.exe
2023-03-09 08:22:24 - ProcessKill 8796
2023-03-09 08:22:25 - Found child process: 8684 Name: conhost.exe
2023-03-09 08:22:25 - Found child process: 15780 Name: node.exe
2023-03-09 08:22:25 - Stopping process 8684
2023-03-09 08:22:25 - Send SIGINT 8684
2023-03-09 08:22:25 - SIGINT to 8684 failed - Killing as fallback
2023-03-09 08:22:25 - Stopping process 15780
2023-03-09 08:22:25 - Send SIGINT 15780
2023-03-09 08:22:25 - SIGINT to 15780 failed - Killing as fallback
2023-03-09 08:22:25 - Stopping process 8796
2023-03-09 08:22:25 - Send SIGINT 8796
2023-03-09 08:22:25 - SIGINT to 8796 failed - Killing as fallback
2023-03-09 08:22:25 - Finished apiplc.exe
2023-03-09 08:22:27 - Starting C:\Program Files\nodejs\node.exe  --harmony --max_old_space_size=4096 C:\Users\admingrabacion\Documents\api-02\node_modules\node-windows\lib\wrapper.js --file C:\Users\admingrabacion\Documents\api-02\index.js --scriptoptions= --log "APIPLC wrapper" --grow 0.25 --wait 1 --maxrestarts 3 --abortonerror n --stopparentfirst undefined
2023-03-09 08:22:27 - Started 1556
2023-03-10 14:02:29 - Stopping apiplc.exe
2023-03-10 14:02:29 - ProcessKill 1556
2023-03-10 14:02:39 - Shutdown exception
Message:Se está cerrando el sistema. (Excepción de HRESULT: 0x8007045B)
Stacktrace:   en System.Runtime.InteropServices.Marshal.ThrowExceptionForHRInternal(Int32 errorCode, IntPtr errorInfo)
   en System.Management.ManagementScope.InitializeGuts(Object o)
   en System.Management.ManagementScope.Initialize()
   en System.Management.ManagementObjectSearcher.Initialize()
   en System.Management.ManagementObjectSearcher.Get()
   en winsw.WrapperService.GetChildPids(Int32 pid)
   en winsw.WrapperService.StopProcessAndChildren(Int32 pid)
   en winsw.WrapperService.StopIt()
   en winsw.WrapperService.OnShutdown()
2023-03-10 15:11:29 - Starting C:\Program Files\nodejs\node.exe  --harmony --max_old_space_size=4096 C:\Users\admingrabacion\Documents\api-02\node_modules\node-windows\lib\wrapper.js --file C:\Users\admingrabacion\Documents\api-02\index.js --scriptoptions= --log "APIPLC wrapper" --grow 0.25 --wait 1 --maxrestarts 3 --abortonerror n --stopparentfirst undefined
2023-03-10 15:11:30 - Started 12060
